2019-06-27 15:14:45,397 CRIT Supervisor running as root (no user in config file)
2019-06-27 15:14:45,397 INFO Included extra file "/etc/supervisor/conf.d/supervisord.conf" during parsing
2019-06-27 15:14:45,418 INFO RPC interface 'supervisor' initialized
2019-06-27 15:14:45,418 CRIT Server 'unix_http_server' running without any HTTP authentication checking
2019-06-27 15:14:45,419 INFO supervisord started with pid 1
2019-06-27 15:14:46,422 INFO spawned: 'varnishd' with pid 15
2019-06-27 15:14:46,426 INFO spawned: 'php-fpm' with pid 16
2019-06-27 15:14:46,429 INFO spawned: 'varnish-plugins-watcher' with pid 17
2019-06-27 15:14:46,440 INFO spawned: 'nginx' with pid 18
2019-06-27 15:14:46,464 INFO spawned: 'MailHog' with pid 19
2019-06-27 15:14:46,490 INFO spawned: 'mysql' with pid 20
2019-06-27 15:14:46,501 INFO spawned: 'varnish-themes-watcher' with pid 21
2019-06-27 15:14:47,755 INFO success: varnishd entered RUNNING state, process has stayed up for > than 1 seconds (startsecs)
2019-06-27 15:14:47,756 INFO success: php-fpm entered RUNNING state, process has stayed up for > than 1 seconds (startsecs)
2019-06-27 15:14:47,757 INFO success: varnish-plugins-watcher entered RUNNING state, process has stayed up for > than 1 seconds (startsecs)
2019-06-27 15:14:47,758 INFO success: nginx entered RUNNING state, process has stayed up for > than 1 seconds (startsecs)
2019-06-27 15:14:47,759 INFO success: MailHog entered RUNNING state, process has stayed up for > than 1 seconds (startsecs)
2019-06-27 15:14:47,759 INFO success: mysql entered RUNNING state, process has stayed up for > than 1 seconds (startsecs)
2019-06-27 15:14:47,759 INFO success: varnish-themes-watcher entered RUNNING state, process has stayed up for > than 1 seconds (startsecs)
2019-06-28 16:13:52,347 WARN received SIGTERM indicating exit request
2019-06-28 16:13:52,350 INFO waiting for varnishd, php-fpm, varnish-plugins-watcher, nginx, MailHog, mysql, varnish-themes-watcher to die
2019-06-28 16:13:53,352 INFO stopped: varnish-themes-watcher (terminated by SIGTERM)
2019-06-28 16:13:53,363 INFO stopped: mysql (exit status 0)
2019-06-28 16:13:53,364 INFO stopped: MailHog (terminated by SIGTERM)
2019-06-28 16:13:53,367 INFO stopped: nginx (exit status 0)
2019-06-28 16:13:54,369 INFO stopped: varnish-plugins-watcher (terminated by SIGTERM)
2019-06-28 16:13:54,383 INFO stopped: php-fpm (exit status 0)
2019-06-28 16:13:54,517 INFO reaped unknown pid 34
2019-06-28 16:13:55,395 INFO waiting for varnishd to die
2019-06-28 16:13:55,449 INFO stopped: varnishd (exit status 0)
2019-06-28 16:13:57,211 CRIT Supervisor running as root (no user in config file)
2019-06-28 16:13:57,211 INFO Included extra file "/etc/supervisor/conf.d/supervisord.conf" during parsing
2019-06-28 16:13:57,258 INFO RPC interface 'supervisor' initialized
2019-06-28 16:13:57,258 CRIT Server 'unix_http_server' running without any HTTP authentication checking
2019-06-28 16:13:57,258 INFO supervisord started with pid 1
2019-06-28 16:13:58,261 INFO spawned: 'varnishd' with pid 51
2019-06-28 16:13:58,264 INFO spawned: 'php-fpm' with pid 52
2019-06-28 16:13:58,266 INFO spawned: 'varnish-plugins-watcher' with pid 53
2019-06-28 16:13:58,269 INFO spawned: 'nginx' with pid 54
2019-06-28 16:13:58,279 INFO spawned: 'MailHog' with pid 55
2019-06-28 16:13:58,287 INFO spawned: 'mysql' with pid 56
2019-06-28 16:13:58,305 INFO spawned: 'varnish-themes-watcher' with pid 59
2019-06-28 16:13:59,465 INFO success: varnishd entered RUNNING state, process has stayed up for > than 1 seconds (startsecs)
2019-06-28 16:13:59,466 INFO success: php-fpm entered RUNNING state, process has stayed up for > than 1 seconds (startsecs)
2019-06-28 16:13:59,466 INFO success: varnish-plugins-watcher entered RUNNING state, process has stayed up for > than 1 seconds (startsecs)
2019-06-28 16:13:59,466 INFO success: nginx entered RUNNING state, process has stayed up for > than 1 seconds (startsecs)
2019-06-28 16:13:59,466 INFO success: MailHog entered RUNNING state, process has stayed up for > than 1 seconds (startsecs)
2019-06-28 16:13:59,466 INFO success: mysql entered RUNNING state, process has stayed up for > than 1 seconds (startsecs)
2019-06-28 16:13:59,466 INFO success: varnish-themes-watcher entered RUNNING state, process has stayed up for > than 1 seconds (startsecs)
2019-06-28 16:20:38,666 WARN received SIGTERM indicating exit request
2019-06-28 16:20:38,666 INFO waiting for varnishd, php-fpm, varnish-plugins-watcher, nginx, MailHog, mysql, varnish-themes-watcher to die
2019-06-28 16:20:38,667 INFO stopped: varnish-themes-watcher (terminated by SIGTERM)
2019-06-28 16:20:38,694 INFO stopped: mysql (exit status 0)
2019-06-28 16:20:38,694 INFO stopped: MailHog (terminated by SIGTERM)
2019-06-28 16:20:38,698 INFO stopped: nginx (exit status 0)
2019-06-28 16:20:39,700 INFO stopped: varnish-plugins-watcher (terminated by SIGTERM)
2019-06-28 16:20:39,710 INFO stopped: php-fpm (exit status 0)
2019-06-28 16:20:39,947 INFO reaped unknown pid 74
2019-06-28 16:20:40,780 INFO stopped: varnishd (exit status 0)
2019-06-28 16:20:42,705 CRIT Supervisor running as root (no user in config file)
2019-06-28 16:20:42,706 INFO Included extra file "/etc/supervisor/conf.d/supervisord.conf" during parsing
2019-06-28 16:20:42,737 INFO RPC interface 'supervisor' initialized
2019-06-28 16:20:42,755 CRIT Server 'unix_http_server' running without any HTTP authentication checking
2019-06-28 16:20:42,758 INFO supervisord started with pid 1
2019-06-28 16:20:43,769 INFO spawned: 'varnishd' with pid 51
2019-06-28 16:20:43,772 INFO spawned: 'php-fpm' with pid 52
2019-06-28 16:20:43,774 INFO spawned: 'varnish-plugins-watcher' with pid 53
2019-06-28 16:20:43,777 INFO spawned: 'nginx' with pid 54
2019-06-28 16:20:43,780 INFO spawned: 'MailHog' with pid 56
2019-06-28 16:20:43,794 INFO spawned: 'mysql' with pid 58
2019-06-28 16:20:43,816 INFO spawned: 'varnish-themes-watcher' with pid 59
2019-06-28 16:20:44,910 INFO success: varnishd entered RUNNING state, process has stayed up for > than 1 seconds (startsecs)
2019-06-28 16:20:44,913 INFO success: php-fpm entered RUNNING state, process has stayed up for > than 1 seconds (startsecs)
2019-06-28 16:20:44,913 INFO success: varnish-plugins-watcher entered RUNNING state, process has stayed up for > than 1 seconds (startsecs)
2019-06-28 16:20:44,913 INFO success: nginx entered RUNNING state, process has stayed up for > than 1 seconds (startsecs)
2019-06-28 16:20:44,913 INFO success: MailHog entered RUNNING state, process has stayed up for > than 1 seconds (startsecs)
2019-06-28 16:20:44,914 INFO success: mysql entered RUNNING state, process has stayed up for > than 1 seconds (startsecs)
2019-06-28 16:20:44,914 INFO success: varnish-themes-watcher entered RUNNING state, process has stayed up for > than 1 seconds (startsecs)
2019-06-28 16:24:09,880 INFO exited: varnishd (exit status 0; expected)
2019-06-28 16:24:10,885 INFO spawned: 'varnishd' with pid 524
2019-06-28 16:24:11,887 INFO success: varnishd entered RUNNING state, process has stayed up for > than 1 seconds (startsecs)
2019-06-28 16:24:34,947 INFO exited: varnishd (exit status 0; expected)
2019-06-28 16:24:35,038 INFO spawned: 'varnishd' with pid 810
2019-06-28 16:24:35,039 WARN received SIGTERM indicating exit request
2019-06-28 16:24:35,039 INFO waiting for varnishd, php-fpm, varnish-plugins-watcher, nginx, MailHog, mysql, varnish-themes-watcher to die
2019-06-28 16:24:36,041 INFO success: varnishd entered RUNNING state, process has stayed up for > than 1 seconds (startsecs)
2019-06-28 16:24:36,041 INFO stopped: varnish-themes-watcher (terminated by SIGTERM)
2019-06-28 16:24:36,063 INFO stopped: mysql (exit status 0)
2019-06-28 16:24:36,064 INFO stopped: MailHog (terminated by SIGTERM)
2019-06-28 16:24:36,066 INFO stopped: nginx (exit status 0)
2019-06-28 16:24:36,066 INFO stopped: varnish-plugins-watcher (terminated by SIGTERM)
2019-06-28 16:24:36,078 INFO stopped: php-fpm (exit status 0)
2019-06-28 16:24:36,078 INFO stopped: varnishd (terminated by SIGTERM)
2019-06-28 16:24:37,851 CRIT Supervisor running as root (no user in config file)
2019-06-28 16:24:37,852 INFO Included extra file "/etc/supervisor/conf.d/supervisord.conf" during parsing
2019-06-28 16:24:37,918 INFO RPC interface 'supervisor' initialized
2019-06-28 16:24:37,927 CRIT Server 'unix_http_server' running without any HTTP authentication checking
2019-06-28 16:24:37,928 INFO supervisord started with pid 1
2019-06-28 16:24:38,933 INFO spawned: 'varnishd' with pid 54
2019-06-28 16:24:38,936 INFO spawned: 'php-fpm' with pid 55
2019-06-28 16:24:38,939 INFO spawned: 'varnish-plugins-watcher' with pid 56
2019-06-28 16:24:38,941 INFO spawned: 'nginx' with pid 57
2019-06-28 16:24:38,950 INFO spawned: 'MailHog' with pid 58
2019-06-28 16:24:38,957 INFO spawned: 'mysql' with pid 60
2019-06-28 16:24:38,983 INFO spawned: 'varnish-themes-watcher' with pid 62
2019-06-28 16:24:40,107 INFO success: varnishd entered RUNNING state, process has stayed up for > than 1 seconds (startsecs)
2019-06-28 16:24:40,107 INFO success: php-fpm entered RUNNING state, process has stayed up for > than 1 seconds (startsecs)
2019-06-28 16:24:40,108 INFO success: varnish-plugins-watcher entered RUNNING state, process has stayed up for > than 1 seconds (startsecs)
2019-06-28 16:24:40,108 INFO success: nginx entered RUNNING state, process has stayed up for > than 1 seconds (startsecs)
2019-06-28 16:24:40,108 INFO success: MailHog entered RUNNING state, process has stayed up for > than 1 seconds (startsecs)
2019-06-28 16:24:40,108 INFO success: mysql entered RUNNING state, process has stayed up for > than 1 seconds (startsecs)
2019-06-28 16:24:40,108 INFO success: varnish-themes-watcher entered RUNNING state, process has stayed up for > than 1 seconds (startsecs)
2019-06-28 16:26:12,896 WARN received SIGTERM indicating exit request
2019-06-28 16:26:12,897 INFO waiting for varnishd, php-fpm, varnish-plugins-watcher, nginx, MailHog, mysql, varnish-themes-watcher to die
2019-06-28 16:26:12,897 INFO stopped: varnish-themes-watcher (terminated by SIGTERM)
2019-06-28 16:26:12,912 INFO stopped: mysql (exit status 0)
2019-06-28 16:26:12,913 INFO stopped: MailHog (terminated by SIGTERM)
2019-06-28 16:26:12,916 INFO stopped: nginx (exit status 0)
2019-06-28 16:26:13,918 INFO stopped: varnish-plugins-watcher (terminated by SIGTERM)
2019-06-28 16:26:13,927 INFO stopped: php-fpm (exit status 0)
2019-06-28 16:26:14,679 INFO reaped unknown pid 80
2019-06-28 16:26:14,998 INFO stopped: varnishd (exit status 0)
2019-06-28 16:26:17,147 CRIT Supervisor running as root (no user in config file)
2019-06-28 16:26:17,147 INFO Included extra file "/etc/supervisor/conf.d/supervisord.conf" during parsing
2019-06-28 16:26:17,215 INFO RPC interface 'supervisor' initialized
2019-06-28 16:26:17,239 CRIT Server 'unix_http_server' running without any HTTP authentication checking
2019-06-28 16:26:17,239 INFO supervisord started with pid 1
2019-06-28 16:26:18,242 INFO spawned: 'varnishd' with pid 54
2019-06-28 16:26:18,245 INFO spawned: 'php-fpm' with pid 55
2019-06-28 16:26:18,249 INFO spawned: 'varnish-plugins-watcher' with pid 56
2019-06-28 16:26:18,253 INFO spawned: 'nginx' with pid 57
2019-06-28 16:26:18,266 INFO spawned: 'MailHog' with pid 58
2019-06-28 16:26:18,280 INFO spawned: 'mysql' with pid 59
2019-06-28 16:26:18,300 INFO spawned: 'varnish-themes-watcher' with pid 62
2019-06-28 16:26:19,414 INFO success: varnishd entered RUNNING state, process has stayed up for > than 1 seconds (startsecs)
2019-06-28 16:26:19,414 INFO success: php-fpm entered RUNNING state, process has stayed up for > than 1 seconds (startsecs)
2019-06-28 16:26:19,414 INFO success: varnish-plugins-watcher entered RUNNING state, process has stayed up for > than 1 seconds (startsecs)
2019-06-28 16:26:19,414 INFO success: nginx entered RUNNING state, process has stayed up for > than 1 seconds (startsecs)
2019-06-28 16:26:19,414 INFO success: MailHog entered RUNNING state, process has stayed up for > than 1 seconds (startsecs)
2019-06-28 16:26:19,414 INFO success: mysql entered RUNNING state, process has stayed up for > than 1 seconds (startsecs)
2019-06-28 16:26:19,415 INFO success: varnish-themes-watcher entered RUNNING state, process has stayed up for > than 1 seconds (startsecs)
2019-06-28 16:26:52,859 WARN received SIGTERM indicating exit request
2019-06-28 16:26:52,859 INFO waiting for varnishd, php-fpm, varnish-plugins-watcher, nginx, MailHog, mysql, varnish-themes-watcher to die
2019-06-28 16:26:52,860 INFO stopped: varnish-themes-watcher (terminated by SIGTERM)
2019-06-28 16:26:52,888 INFO stopped: mysql (exit status 0)
2019-06-28 16:26:52,889 INFO stopped: MailHog (terminated by SIGTERM)
2019-06-28 16:26:52,891 INFO stopped: nginx (exit status 0)
2019-06-28 16:26:53,893 INFO stopped: varnish-plugins-watcher (terminated by SIGTERM)
2019-06-28 16:26:53,903 INFO stopped: php-fpm (exit status 0)
2019-06-28 16:26:54,039 INFO reaped unknown pid 80
2019-06-28 16:26:54,969 INFO stopped: varnishd (exit status 0)
2019-06-28 16:26:56,872 CRIT Supervisor running as root (no user in config file)
2019-06-28 16:26:56,873 INFO Included extra file "/etc/supervisor/conf.d/supervisord.conf" during parsing
2019-06-28 16:26:56,923 INFO RPC interface 'supervisor' initialized
2019-06-28 16:26:56,933 CRIT Server 'unix_http_server' running without any HTTP authentication checking
2019-06-28 16:26:56,933 INFO supervisord started with pid 1
2019-06-28 16:26:57,941 INFO spawned: 'varnishd' with pid 54
2019-06-28 16:26:57,950 INFO spawned: 'php-fpm' with pid 55
2019-06-28 16:26:57,953 INFO spawned: 'varnish-plugins-watcher' with pid 56
2019-06-28 16:26:57,962 INFO spawned: 'nginx' with pid 57
2019-06-28 16:26:57,995 INFO spawned: 'MailHog' with pid 59
2019-06-28 16:26:58,001 INFO spawned: 'mysql' with pid 60
2019-06-28 16:26:58,011 INFO spawned: 'varnish-themes-watcher' with pid 64
2019-06-28 16:26:59,170 INFO success: varnishd entered RUNNING state, process has stayed up for > than 1 seconds (startsecs)
2019-06-28 16:26:59,170 INFO success: php-fpm entered RUNNING state, process has stayed up for > than 1 seconds (startsecs)
2019-06-28 16:26:59,170 INFO success: varnish-plugins-watcher entered RUNNING state, process has stayed up for > than 1 seconds (startsecs)
2019-06-28 16:26:59,170 INFO success: nginx entered RUNNING state, process has stayed up for > than 1 seconds (startsecs)
2019-06-28 16:26:59,170 INFO success: MailHog entered RUNNING state, process has stayed up for > than 1 seconds (startsecs)
2019-06-28 16:26:59,170 INFO success: mysql entered RUNNING state, process has stayed up for > than 1 seconds (startsecs)
2019-06-28 16:26:59,170 INFO success: varnish-themes-watcher entered RUNNING state, process has stayed up for > than 1 seconds (startsecs)
2019-06-28 16:35:29,337 CRIT Supervisor running as root (no user in config file)
2019-06-28 16:35:29,337 INFO Included extra file "/etc/supervisor/conf.d/supervisord.conf" during parsing
2019-06-28 16:35:29,677 INFO RPC interface 'supervisor' initialized
2019-06-28 16:35:29,678 CRIT Server 'unix_http_server' running without any HTTP authentication checking
2019-06-28 16:35:29,680 INFO supervisord started with pid 1
2019-06-28 16:35:30,684 INFO spawned: 'varnishd' with pid 56
2019-06-28 16:35:30,687 INFO spawned: 'php-fpm' with pid 57
2019-06-28 16:35:30,688 INFO spawned: 'varnish-plugins-watcher' with pid 58
2019-06-28 16:35:30,692 INFO spawned: 'nginx' with pid 59
2019-06-28 16:35:30,696 INFO spawned: 'MailHog' with pid 60
2019-06-28 16:35:30,705 INFO spawned: 'mysql' with pid 61
2019-06-28 16:35:30,718 INFO spawned: 'varnish-themes-watcher' with pid 62
2019-06-28 16:35:31,882 INFO success: varnishd entered RUNNING state, process has stayed up for > than 1 seconds (startsecs)
2019-06-28 16:35:31,882 INFO success: php-fpm entered RUNNING state, process has stayed up for > than 1 seconds (startsecs)
2019-06-28 16:35:31,883 INFO success: varnish-plugins-watcher entered RUNNING state, process has stayed up for > than 1 seconds (startsecs)
2019-06-28 16:35:31,883 INFO success: nginx entered RUNNING state, process has stayed up for > than 1 seconds (startsecs)
2019-06-28 16:35:31,883 INFO success: MailHog entered RUNNING state, process has stayed up for > than 1 seconds (startsecs)
2019-06-28 16:35:31,883 INFO success: mysql entered RUNNING state, process has stayed up for > than 1 seconds (startsecs)
2019-06-28 16:35:31,883 INFO success: varnish-themes-watcher entered RUNNING state, process has stayed up for > than 1 seconds (startsecs)
2019-06-28 16:50:47,120 WARN received SIGTERM indicating exit request
2019-06-28 16:50:47,120 INFO waiting for varnishd, php-fpm, varnish-plugins-watcher, nginx, MailHog, mysql, varnish-themes-watcher to die
2019-06-28 16:50:47,121 INFO stopped: varnish-themes-watcher (terminated by SIGTERM)
2019-06-28 16:50:47,151 INFO stopped: mysql (exit status 0)
2019-06-28 16:50:47,152 INFO stopped: MailHog (terminated by SIGTERM)
2019-06-28 16:50:47,155 INFO stopped: nginx (exit status 0)
2019-06-28 16:50:48,158 INFO stopped: varnish-plugins-watcher (terminated by SIGTERM)
2019-06-28 16:50:48,168 INFO stopped: php-fpm (exit status 0)
2019-06-28 16:50:48,909 INFO reaped unknown pid 83
2019-06-28 16:50:49,232 INFO stopped: varnishd (exit status 0)
2019-06-28 16:50:54,050 CRIT Supervisor running as root (no user in config file)
2019-06-28 16:50:54,050 INFO Included extra file "/etc/supervisor/conf.d/supervisord.conf" during parsing
2019-06-28 16:50:54,142 INFO RPC interface 'supervisor' initialized
2019-06-28 16:50:54,143 CRIT Server 'unix_http_server' running without any HTTP authentication checking
2019-06-28 16:50:54,143 INFO supervisord started with pid 1
2019-06-28 16:50:55,148 INFO spawned: 'varnishd' with pid 51
2019-06-28 16:50:55,151 INFO spawned: 'php-fpm' with pid 52
2019-06-28 16:50:55,153 INFO spawned: 'varnish-plugins-watcher' with pid 53
2019-06-28 16:50:55,155 INFO spawned: 'nginx' with pid 54
2019-06-28 16:50:55,159 INFO spawned: 'MailHog' with pid 55
2019-06-28 16:50:55,176 INFO spawned: 'mysql' with pid 56
2019-06-28 16:50:55,184 INFO spawned: 'varnish-themes-watcher' with pid 59
2019-06-28 16:50:56,289 INFO success: varnishd entered RUNNING state, process has stayed up for > than 1 seconds (startsecs)
2019-06-28 16:50:56,289 INFO success: php-fpm entered RUNNING state, process has stayed up for > than 1 seconds (startsecs)
2019-06-28 16:50:56,289 INFO success: varnish-plugins-watcher entered RUNNING state, process has stayed up for > than 1 seconds (startsecs)
2019-06-28 16:50:56,290 INFO success: nginx entered RUNNING state, process has stayed up for > than 1 seconds (startsecs)
2019-06-28 16:50:56,290 INFO success: MailHog entered RUNNING state, process has stayed up for > than 1 seconds (startsecs)
2019-06-28 16:50:56,290 INFO success: mysql entered RUNNING state, process has stayed up for > than 1 seconds (startsecs)
2019-06-28 16:50:56,290 INFO success: varnish-themes-watcher entered RUNNING state, process has stayed up for > than 1 seconds (startsecs)
2019-06-28 16:55:55,057 WARN received SIGTERM indicating exit request
2019-06-28 16:55:55,058 INFO waiting for varnishd, php-fpm, varnish-plugins-watcher, nginx, MailHog, mysql, varnish-themes-watcher to die
2019-06-28 16:55:55,058 INFO stopped: varnish-themes-watcher (terminated by SIGTERM)
2019-06-28 16:55:55,070 INFO stopped: mysql (exit status 0)
2019-06-28 16:55:55,071 INFO stopped: MailHog (terminated by SIGTERM)
2019-06-28 16:55:55,074 INFO stopped: nginx (exit status 0)
2019-06-28 16:55:56,076 INFO stopped: varnish-plugins-watcher (terminated by SIGTERM)
2019-06-28 16:55:56,085 INFO stopped: php-fpm (exit status 0)
2019-06-28 16:55:56,828 INFO reaped unknown pid 79
2019-06-28 16:55:57,149 INFO stopped: varnishd (exit status 0)
2019-06-28 16:55:59,088 CRIT Supervisor running as root (no user in config file)
2019-06-28 16:55:59,088 INFO Included extra file "/etc/supervisor/conf.d/supervisord.conf" during parsing
2019-06-28 16:55:59,154 INFO RPC interface 'supervisor' initialized
2019-06-28 16:55:59,164 CRIT Server 'unix_http_server' running without any HTTP authentication checking
2019-06-28 16:55:59,164 INFO supervisord started with pid 1
2019-06-28 16:56:00,169 INFO spawned: 'varnishd' with pid 54
2019-06-28 16:56:00,171 INFO spawned: 'php-fpm' with pid 55
2019-06-28 16:56:00,173 INFO spawned: 'varnish-plugins-watcher' with pid 56
2019-06-28 16:56:00,176 INFO spawned: 'nginx' with pid 57
2019-06-28 16:56:00,185 INFO spawned: 'MailHog' with pid 58
2019-06-28 16:56:00,196 INFO spawned: 'mysql' with pid 59
2019-06-28 16:56:00,213 INFO spawned: 'varnish-themes-watcher' with pid 63
2019-06-28 16:56:01,344 INFO success: varnishd entered RUNNING state, process has stayed up for > than 1 seconds (startsecs)
2019-06-28 16:56:01,344 INFO success: php-fpm entered RUNNING state, process has stayed up for > than 1 seconds (startsecs)
2019-06-28 16:56:01,344 INFO success: varnish-plugins-watcher entered RUNNING state, process has stayed up for > than 1 seconds (startsecs)
2019-06-28 16:56:01,344 INFO success: nginx entered RUNNING state, process has stayed up for > than 1 seconds (startsecs)
2019-06-28 16:56:01,345 INFO success: MailHog entered RUNNING state, process has stayed up for > than 1 seconds (startsecs)
2019-06-28 16:56:01,345 INFO success: mysql entered RUNNING state, process has stayed up for > than 1 seconds (startsecs)
2019-06-28 16:56:01,345 INFO success: varnish-themes-watcher entered RUNNING state, process has stayed up for > than 1 seconds (startsecs)
2019-06-29 03:54:59,484 WARN received SIGTERM indicating exit request
2019-06-29 03:54:59,485 INFO waiting for varnishd, php-fpm, varnish-plugins-watcher, nginx, MailHog, mysql, varnish-themes-watcher to die
2019-06-29 03:54:59,485 INFO stopped: varnish-themes-watcher (terminated by SIGTERM)
2019-06-29 03:54:59,513 INFO stopped: mysql (exit status 0)
2019-06-29 03:54:59,514 INFO stopped: MailHog (terminated by SIGTERM)
2019-06-29 03:54:59,517 INFO stopped: nginx (exit status 0)
2019-06-29 03:55:00,519 INFO stopped: varnish-plugins-watcher (terminated by SIGTERM)
2019-06-29 03:55:00,529 INFO stopped: php-fpm (exit status 0)
2019-06-29 03:55:01,083 INFO reaped unknown pid 80
2019-06-29 03:55:01,595 INFO stopped: varnishd (exit status 0)
2019-06-29 03:58:03,185 CRIT Supervisor running as root (no user in config file)
2019-06-29 03:58:03,185 INFO Included extra file "/etc/supervisor/conf.d/supervisord.conf" during parsing
2019-06-29 03:58:03,237 INFO RPC interface 'supervisor' initialized
2019-06-29 03:58:03,265 CRIT Server 'unix_http_server' running without any HTTP authentication checking
2019-06-29 03:58:03,266 INFO supervisord started with pid 1
2019-06-29 03:58:04,269 INFO spawned: 'varnishd' with pid 54
2019-06-29 03:58:04,271 INFO spawned: 'php-fpm' with pid 55
2019-06-29 03:58:04,273 INFO spawned: 'varnish-plugins-watcher' with pid 56
2019-06-29 03:58:04,275 INFO spawned: 'nginx' with pid 57
2019-06-29 03:58:04,282 INFO spawned: 'MailHog' with pid 58
2019-06-29 03:58:04,291 INFO spawned: 'mysql' with pid 59
2019-06-29 03:58:04,305 INFO spawned: 'varnish-themes-watcher' with pid 62
2019-06-29 03:58:05,434 INFO success: varnishd entered RUNNING state, process has stayed up for > than 1 seconds (startsecs)
2019-06-29 03:58:05,436 INFO success: php-fpm entered RUNNING state, process has stayed up for > than 1 seconds (startsecs)
2019-06-29 03:58:05,436 INFO success: varnish-plugins-watcher entered RUNNING state, process has stayed up for > than 1 seconds (startsecs)
2019-06-29 03:58:05,436 INFO success: nginx entered RUNNING state, process has stayed up for > than 1 seconds (startsecs)
2019-06-29 03:58:05,436 INFO success: MailHog entered RUNNING state, process has stayed up for > than 1 seconds (startsecs)
2019-06-29 03:58:05,436 INFO success: mysql entered RUNNING state, process has stayed up for > than 1 seconds (startsecs)
2019-06-29 03:58:05,437 INFO success: varnish-themes-watcher entered RUNNING state, process has stayed up for > than 1 seconds (startsecs)
