[27-Jun-2019 15:14:53 UTC] PHP Parse error:  syntax error, unexpected '<', expecting end of file in phar:///usr/local/bin/wp/vendor/wp-cli/wp-cli/php/WP_CLI/SynopsisValidator.php on line 92
[27-Jun-2019 15:48:48 UTC] PHP Fatal error:  Uncaught Error: Call to undefined function wp_head() in /app/public/wp-content/themes/template_noteTest/index.php:10
Stack trace:
#0 {main}
  thrown in /app/public/wp-content/themes/template_noteTest/index.php on line 10
[27-Jun-2019 15:59:28 UTC] PHP Fatal error:  Uncaught Error: Call to undefined function wp_head() in /app/public/index.php:10
Stack trace:
#0 {main}
  thrown in /app/public/index.php on line 10
[27-Jun-2019 15:59:28 UTC] PHP Fatal error:  Uncaught Error: Call to undefined function wp_head() in /app/public/index.php:10
Stack trace:
#0 {main}
  thrown in /app/public/index.php on line 10
[27-Jun-2019 15:59:28 UTC] PHP Fatal error:  Uncaught Error: Call to undefined function wp_head() in /app/public/index.php:10
Stack trace:
#0 {main}
  thrown in /app/public/index.php on line 10
[27-Jun-2019 15:59:28 UTC] PHP Fatal error:  Uncaught Error: Call to undefined function wp_head() in /app/public/index.php:10
Stack trace:
#0 {main}
  thrown in /app/public/index.php on line 10
[27-Jun-2019 16:00:55 UTC] PHP Fatal error:  Uncaught Error: Call to undefined function wp_head() in /app/public/index.php:10
Stack trace:
#0 {main}
  thrown in /app/public/index.php on line 10
[27-Jun-2019 16:00:55 UTC] PHP Fatal error:  Uncaught Error: Call to undefined function wp_head() in /app/public/index.php:10
Stack trace:
#0 {main}
  thrown in /app/public/index.php on line 10
[27-Jun-2019 16:00:55 UTC] PHP Fatal error:  Uncaught Error: Call to undefined function wp_head() in /app/public/index.php:10
Stack trace:
#0 {main}
  thrown in /app/public/index.php on line 10
[27-Jun-2019 16:00:55 UTC] PHP Fatal error:  Uncaught Error: Call to undefined function wp_head() in /app/public/index.php:10
Stack trace:
#0 {main}
  thrown in /app/public/index.php on line 10
[27-Jun-2019 16:01:00 UTC] PHP Fatal error:  Uncaught Error: Call to undefined function wp_head() in /app/public/index.php:10
Stack trace:
#0 {main}
  thrown in /app/public/index.php on line 10
[27-Jun-2019 16:01:00 UTC] PHP Fatal error:  Uncaught Error: Call to undefined function wp_head() in /app/public/index.php:10
Stack trace:
#0 {main}
  thrown in /app/public/index.php on line 10
[27-Jun-2019 16:01:00 UTC] PHP Fatal error:  Uncaught Error: Call to undefined function wp_head() in /app/public/index.php:10
Stack trace:
#0 {main}
  thrown in /app/public/index.php on line 10
[27-Jun-2019 16:01:00 UTC] PHP Fatal error:  Uncaught Error: Call to undefined function wp_head() in /app/public/index.php:10
Stack trace:
#0 {main}
  thrown in /app/public/index.php on line 10
[27-Jun-2019 16:01:11 UTC] PHP Fatal error:  Uncaught Error: Call to undefined function wp_head() in /app/public/index.php:10
Stack trace:
#0 {main}
  thrown in /app/public/index.php on line 10
[27-Jun-2019 16:01:11 UTC] PHP Fatal error:  Uncaught Error: Call to undefined function wp_head() in /app/public/index.php:10
Stack trace:
#0 {main}
  thrown in /app/public/index.php on line 10
[27-Jun-2019 16:01:11 UTC] PHP Fatal error:  Uncaught Error: Call to undefined function wp_head() in /app/public/index.php:10
Stack trace:
#0 {main}
  thrown in /app/public/index.php on line 10
[27-Jun-2019 16:01:11 UTC] PHP Fatal error:  Uncaught Error: Call to undefined function wp_head() in /app/public/index.php:10
Stack trace:
#0 {main}
  thrown in /app/public/index.php on line 10
[27-Jun-2019 16:04:04 UTC] PHP Fatal error:  Uncaught Error: Call to undefined function wp_head() in /app/public/wp-content/themes/template_noteTest/index.php:10
Stack trace:
#0 {main}
  thrown in /app/public/wp-content/themes/template_noteTest/index.php on line 10
[27-Jun-2019 16:04:49 UTC] PHP Fatal error:  Uncaught Error: Call to undefined function wp_head() in /app/public/wp-content/themes/template_noteTest/index.php:10
Stack trace:
#0 {main}
  thrown in /app/public/wp-content/themes/template_noteTest/index.php on line 10
[27-Jun-2019 16:06:40 UTC] PHP Fatal error:  Uncaught Error: Call to undefined function wp_head() in /app/public/wp-content/themes/template_noteTest/index.php:10
Stack trace:
#0 {main}
  thrown in /app/public/wp-content/themes/template_noteTest/index.php on line 10
[27-Jun-2019 16:06:40 UTC] PHP Fatal error:  Uncaught Error: Call to undefined function wp_head() in /app/public/wp-content/themes/template_noteTest/index.php:10
Stack trace:
#0 {main}
  thrown in /app/public/wp-content/themes/template_noteTest/index.php on line 10
[27-Jun-2019 16:06:40 UTC] PHP Fatal error:  Uncaught Error: Call to undefined function wp_head() in /app/public/wp-content/themes/template_noteTest/index.php:10
Stack trace:
#0 {main}
  thrown in /app/public/wp-content/themes/template_noteTest/index.php on line 10
[27-Jun-2019 16:07:32 UTC] PHP Fatal error:  Uncaught Error: Call to undefined function wp_head() in /app/public/wp-content/themes/template_noteTest/index.php:10
Stack trace:
#0 {main}
  thrown in /app/public/wp-content/themes/template_noteTest/index.php on line 10
[27-Jun-2019 16:07:34 UTC] PHP Fatal error:  Uncaught Error: Call to undefined function wp_head() in /app/public/wp-content/themes/template_noteTest/index.php:10
Stack trace:
#0 {main}
  thrown in /app/public/wp-content/themes/template_noteTest/index.php on line 10
[27-Jun-2019 16:07:34 UTC] PHP Fatal error:  Uncaught Error: Call to undefined function wp_head() in /app/public/wp-content/themes/template_noteTest/index.php:10
Stack trace:
#0 {main}
  thrown in /app/public/wp-content/themes/template_noteTest/index.php on line 10
[27-Jun-2019 16:07:35 UTC] PHP Fatal error:  Uncaught Error: Call to undefined function wp_head() in /app/public/wp-content/themes/template_noteTest/index.php:10
Stack trace:
#0 {main}
  thrown in /app/public/wp-content/themes/template_noteTest/index.php on line 10
[27-Jun-2019 16:15:22 UTC] PHP Fatal error:  Uncaught Error: Call to undefined function wp_head() in /app/public/wp-content/themes/template_noteTest/index.php:10
Stack trace:
#0 {main}
  thrown in /app/public/wp-content/themes/template_noteTest/index.php on line 10
[27-Jun-2019 16:15:23 UTC] PHP Fatal error:  Uncaught Error: Call to undefined function wp_head() in /app/public/wp-content/themes/template_noteTest/index.php:10
Stack trace:
#0 {main}
  thrown in /app/public/wp-content/themes/template_noteTest/index.php on line 10
[27-Jun-2019 16:15:23 UTC] PHP Fatal error:  Uncaught Error: Call to undefined function wp_head() in /app/public/wp-content/themes/template_noteTest/index.php:10
Stack trace:
#0 {main}
  thrown in /app/public/wp-content/themes/template_noteTest/index.php on line 10
[27-Jun-2019 16:15:23 UTC] PHP Fatal error:  Uncaught Error: Call to undefined function wp_head() in /app/public/wp-content/themes/template_noteTest/index.php:10
Stack trace:
#0 {main}
  thrown in /app/public/wp-content/themes/template_noteTest/index.php on line 10
[27-Jun-2019 16:15:24 UTC] PHP Fatal error:  Uncaught Error: Call to undefined function wp_head() in /app/public/wp-content/themes/template_noteTest/index.php:10
Stack trace:
#0 {main}
  thrown in /app/public/wp-content/themes/template_noteTest/index.php on line 10
[27-Jun-2019 16:15:24 UTC] PHP Fatal error:  Uncaught Error: Call to undefined function wp_head() in /app/public/wp-content/themes/template_noteTest/index.php:10
Stack trace:
#0 {main}
  thrown in /app/public/wp-content/themes/template_noteTest/index.php on line 10
[27-Jun-2019 16:16:15 UTC] PHP Fatal error:  Uncaught Error: Call to undefined function wp_head() in /app/public/wp-content/themes/template_noteTest/index.php:10
Stack trace:
#0 {main}
  thrown in /app/public/wp-content/themes/template_noteTest/index.php on line 10
[27-Jun-2019 16:16:21 UTC] PHP Fatal error:  Uncaught Error: Call to undefined function wp_head() in /app/public/wp-content/themes/template_noteTest/index.php:10
Stack trace:
#0 {main}
  thrown in /app/public/wp-content/themes/template_noteTest/index.php on line 10
[27-Jun-2019 16:16:40 UTC] PHP Fatal error:  Uncaught Error: Call to undefined function wp_head() in /app/public/wp-content/themes/template_noteTest/index.php:10
Stack trace:
#0 {main}
  thrown in /app/public/wp-content/themes/template_noteTest/index.php on line 10
[27-Jun-2019 16:17:01 UTC] PHP Fatal error:  Uncaught Error: Call to undefined function wp_head() in /app/public/wp-content/themes/template_noteTest/index.php:10
Stack trace:
#0 {main}
  thrown in /app/public/wp-content/themes/template_noteTest/index.php on line 10
[27-Jun-2019 16:17:53 UTC] PHP Fatal error:  Uncaught Error: Call to undefined function wp_head() in /app/public/wp-content/themes/template_noteTest/index.php:8
Stack trace:
#0 {main}
  thrown in /app/public/wp-content/themes/template_noteTest/index.php on line 8
[27-Jun-2019 16:17:54 UTC] PHP Fatal error:  Uncaught Error: Call to undefined function wp_head() in /app/public/wp-content/themes/template_noteTest/index.php:8
Stack trace:
#0 {main}
  thrown in /app/public/wp-content/themes/template_noteTest/index.php on line 8
[27-Jun-2019 16:17:55 UTC] PHP Fatal error:  Uncaught Error: Call to undefined function wp_head() in /app/public/wp-content/themes/template_noteTest/index.php:8
Stack trace:
#0 {main}
  thrown in /app/public/wp-content/themes/template_noteTest/index.php on line 8
[27-Jun-2019 16:17:56 UTC] PHP Fatal error:  Uncaught Error: Call to undefined function wp_head() in /app/public/wp-content/themes/template_noteTest/index.php:8
Stack trace:
#0 {main}
  thrown in /app/public/wp-content/themes/template_noteTest/index.php on line 8
[27-Jun-2019 16:20:06 UTC] PHP Fatal error:  Uncaught Error: Call to undefined function wp_footer() in /app/public/wp-content/themes/template_noteTest/index.php:16
Stack trace:
#0 {main}
  thrown in /app/public/wp-content/themes/template_noteTest/index.php on line 16
[27-Jun-2019 16:23:50 UTC] PHP Fatal error:  Uncaught Error: Call to undefined function wp_footer() in /app/public/wp-content/themes/template_noteTest/index.php:16
Stack trace:
#0 {main}
  thrown in /app/public/wp-content/themes/template_noteTest/index.php on line 16
[29-Jun-2019 05:22:31 UTC] PHP Warning:  count(): Parameter must be an array or an object that implements Countable in /app/public/wp-includes/post-template.php on line 310
[29-Jun-2019 05:22:51 UTC] PHP Warning:  count(): Parameter must be an array or an object that implements Countable in /app/public/wp-includes/post-template.php on line 310
[29-Jun-2019 05:23:20 UTC] PHP Warning:  count(): Parameter must be an array or an object that implements Countable in /app/public/wp-includes/post-template.php on line 310
[29-Jun-2019 05:23:33 UTC] PHP Warning:  count(): Parameter must be an array or an object that implements Countable in /app/public/wp-includes/post-template.php on line 310
[29-Jun-2019 05:23:34 UTC] PHP Warning:  count(): Parameter must be an array or an object that implements Countable in /app/public/wp-includes/post-template.php on line 310
[29-Jun-2019 05:23:34 UTC] PHP Warning:  count(): Parameter must be an array or an object that implements Countable in /app/public/wp-includes/post-template.php on line 310
[29-Jun-2019 05:23:35 UTC] PHP Warning:  count(): Parameter must be an array or an object that implements Countable in /app/public/wp-includes/post-template.php on line 310
[29-Jun-2019 05:23:35 UTC] PHP Warning:  count(): Parameter must be an array or an object that implements Countable in /app/public/wp-includes/post-template.php on line 310
[29-Jun-2019 05:24:52 UTC] PHP Warning:  count(): Parameter must be an array or an object that implements Countable in /app/public/wp-includes/post-template.php on line 310
[29-Jun-2019 05:25:04 UTC] PHP Warning:  count(): Parameter must be an array or an object that implements Countable in /app/public/wp-includes/post-template.php on line 310
[29-Jun-2019 05:35:16 UTC] PHP Warning:  count(): Parameter must be an array or an object that implements Countable in /app/public/wp-includes/post-template.php on line 310
[29-Jun-2019 05:35:28 UTC] PHP Warning:  count(): Parameter must be an array or an object that implements Countable in /app/public/wp-includes/post-template.php on line 310
[29-Jun-2019 05:35:28 UTC] PHP Warning:  count(): Parameter must be an array or an object that implements Countable in /app/public/wp-includes/post-template.php on line 310
[29-Jun-2019 05:35:28 UTC] PHP Warning:  count(): Parameter must be an array or an object that implements Countable in /app/public/wp-includes/post-template.php on line 310
[29-Jun-2019 05:35:46 UTC] PHP Warning:  count(): Parameter must be an array or an object that implements Countable in /app/public/wp-includes/post-template.php on line 310
[29-Jun-2019 05:35:47 UTC] PHP Warning:  count(): Parameter must be an array or an object that implements Countable in /app/public/wp-includes/post-template.php on line 310
[29-Jun-2019 05:35:57 UTC] PHP Warning:  count(): Parameter must be an array or an object that implements Countable in /app/public/wp-includes/post-template.php on line 310
[29-Jun-2019 05:36:07 UTC] PHP Warning:  count(): Parameter must be an array or an object that implements Countable in /app/public/wp-includes/post-template.php on line 310
[29-Jun-2019 05:42:42 UTC] PHP Warning:  count(): Parameter must be an array or an object that implements Countable in /app/public/wp-includes/post-template.php on line 310
[29-Jun-2019 05:42:44 UTC] PHP Warning:  count(): Parameter must be an array or an object that implements Countable in /app/public/wp-includes/post-template.php on line 310
[29-Jun-2019 05:42:45 UTC] PHP Warning:  count(): Parameter must be an array or an object that implements Countable in /app/public/wp-includes/post-template.php on line 310
[29-Jun-2019 05:42:45 UTC] PHP Warning:  count(): Parameter must be an array or an object that implements Countable in /app/public/wp-includes/post-template.php on line 310
[29-Jun-2019 05:42:45 UTC] PHP Warning:  count(): Parameter must be an array or an object that implements Countable in /app/public/wp-includes/post-template.php on line 310
[29-Jun-2019 05:42:45 UTC] PHP Warning:  count(): Parameter must be an array or an object that implements Countable in /app/public/wp-includes/post-template.php on line 310
[29-Jun-2019 05:42:45 UTC] PHP Warning:  count(): Parameter must be an array or an object that implements Countable in /app/public/wp-includes/post-template.php on line 310
[29-Jun-2019 05:45:10 UTC] PHP Warning:  count(): Parameter must be an array or an object that implements Countable in /app/public/wp-includes/post-template.php on line 310
[29-Jun-2019 05:45:34 UTC] PHP Warning:  count(): Parameter must be an array or an object that implements Countable in /app/public/wp-includes/post-template.php on line 310
[29-Jun-2019 05:45:34 UTC] PHP Warning:  count(): Parameter must be an array or an object that implements Countable in /app/public/wp-includes/post-template.php on line 310
[29-Jun-2019 05:45:35 UTC] PHP Warning:  count(): Parameter must be an array or an object that implements Countable in /app/public/wp-includes/post-template.php on line 310
[29-Jun-2019 05:45:35 UTC] PHP Warning:  count(): Parameter must be an array or an object that implements Countable in /app/public/wp-includes/post-template.php on line 310
[29-Jun-2019 05:45:35 UTC] PHP Warning:  count(): Parameter must be an array or an object that implements Countable in /app/public/wp-includes/post-template.php on line 310
[29-Jun-2019 05:45:35 UTC] PHP Warning:  count(): Parameter must be an array or an object that implements Countable in /app/public/wp-includes/post-template.php on line 310
[29-Jun-2019 05:45:35 UTC] PHP Warning:  count(): Parameter must be an array or an object that implements Countable in /app/public/wp-includes/post-template.php on line 310
[29-Jun-2019 05:45:36 UTC] PHP Warning:  count(): Parameter must be an array or an object that implements Countable in /app/public/wp-includes/post-template.php on line 310
[29-Jun-2019 05:46:53 UTC] PHP Fatal error:  Uncaught Error: Call to undefined function the_contents() in /app/public/wp-content/themes/note/index.php:14
Stack trace:
#0 /app/public/wp-includes/template-loader.php(78): include()
#1 /app/public/wp-blog-header.php(19): require_once('/app/public/wp-...')
#2 /app/public/index.php(17): require('/app/public/wp-...')
#3 {main}
  thrown in /app/public/wp-content/themes/note/index.php on line 14
[29-Jun-2019 05:47:05 UTC] PHP Warning:  count(): Parameter must be an array or an object that implements Countable in /app/public/wp-includes/post-template.php on line 310
[02-Jul-2019 14:59:37 UTC] PHP Warning:  count(): Parameter must be an array or an object that implements Countable in /app/public/wp-content/plugins/custom-field-template/custom-field-template.php on line 1977
[02-Jul-2019 14:59:37 UTC] PHP Warning:  count(): Parameter must be an array or an object that implements Countable in /app/public/wp-content/plugins/custom-field-template/custom-field-template.php on line 2070
[04-Jul-2019 15:15:01 UTC] PHP Warning:  予期しないエラーが発生しました。WordPress.org かこのサーバーの設定に何か問題があるかもしれません。問題が続くようであれば、<a href="https://ja.wordpress.org/support/">サポートフォーラム</a>を参照してみてください。 (WordPress は WordPress.org との安全な接続を確立できませんでした。サーバー管理者にご連絡ください) in /app/public/wp-includes/update.php on line 160
[04-Jul-2019 15:15:01 UTC] PHP Warning:  予期しないエラーが発生しました。WordPress.org かこのサーバーの設定に何か問題があるかもしれません。問題が続くようであれば、<a href="https://ja.wordpress.org/support/">サポートフォーラム</a>を参照してみてください。 (WordPress は WordPress.org との安全な接続を確立できませんでした。サーバー管理者にご連絡ください) in /app/public/wp-includes/update.php on line 384
[04-Jul-2019 15:15:01 UTC] PHP Warning:  予期しないエラーが発生しました。WordPress.org かこのサーバーの設定に何か問題があるかもしれません。問題が続くようであれば、<a href="https://ja.wordpress.org/support/">サポートフォーラム</a>を参照してみてください。 (WordPress は WordPress.org との安全な接続を確立できませんでした。サーバー管理者にご連絡ください) in /app/public/wp-includes/update.php on line 569
[04-Jul-2019 15:30:33 UTC] PHP Warning:  count(): Parameter must be an array or an object that implements Countable in /app/public/wp-content/plugins/custom-field-template/custom-field-template.php on line 1977
[04-Jul-2019 15:30:33 UTC] PHP Warning:  count(): Parameter must be an array or an object that implements Countable in /app/public/wp-content/plugins/custom-field-template/custom-field-template.php on line 2070
