[27-Jun-2019 15:14:46] NOTICE: fpm is running, pid 16
[27-Jun-2019 15:14:46] NOTICE: ready to handle connections
[28-Jun-2019 16:13:54] NOTICE: Terminating ...
[28-Jun-2019 16:13:54] NOTICE: exiting, bye-bye!
[28-Jun-2019 16:13:58] NOTICE: fpm is running, pid 52
[28-Jun-2019 16:13:58] NOTICE: ready to handle connections
[28-Jun-2019 16:20:39] NOTICE: Terminating ...
[28-Jun-2019 16:20:39] NOTICE: exiting, bye-bye!
[28-Jun-2019 16:20:43] NOTICE: fpm is running, pid 52
[28-Jun-2019 16:20:43] NOTICE: ready to handle connections
[28-Jun-2019 16:24:36] NOTICE: Terminating ...
[28-Jun-2019 16:24:36] NOTICE: exiting, bye-bye!
[28-Jun-2019 16:24:39] NOTICE: fpm is running, pid 55
[28-Jun-2019 16:24:39] NOTICE: ready to handle connections
[28-Jun-2019 16:26:13] NOTICE: Terminating ...
[28-Jun-2019 16:26:13] NOTICE: exiting, bye-bye!
[28-Jun-2019 16:26:18] NOTICE: fpm is running, pid 55
[28-Jun-2019 16:26:18] NOTICE: ready to handle connections
[28-Jun-2019 16:26:53] NOTICE: Terminating ...
[28-Jun-2019 16:26:53] NOTICE: exiting, bye-bye!
[28-Jun-2019 16:26:58] NOTICE: fpm is running, pid 55
[28-Jun-2019 16:26:58] NOTICE: ready to handle connections
[28-Jun-2019 16:35:30] NOTICE: fpm is running, pid 57
[28-Jun-2019 16:35:30] NOTICE: ready to handle connections
[28-Jun-2019 16:50:48] NOTICE: Terminating ...
[28-Jun-2019 16:50:48] NOTICE: exiting, bye-bye!
[28-Jun-2019 16:50:55] NOTICE: fpm is running, pid 52
[28-Jun-2019 16:50:55] NOTICE: ready to handle connections
[28-Jun-2019 16:55:56] NOTICE: Terminating ...
[28-Jun-2019 16:55:56] NOTICE: exiting, bye-bye!
[28-Jun-2019 16:56:00] NOTICE: fpm is running, pid 55
[28-Jun-2019 16:56:00] NOTICE: ready to handle connections
[29-Jun-2019 03:55:00] NOTICE: Terminating ...
[29-Jun-2019 03:55:00] NOTICE: exiting, bye-bye!
[29-Jun-2019 03:58:04] NOTICE: fpm is running, pid 55
[29-Jun-2019 03:58:04] NOTICE: ready to handle connections
[29-Jun-2019 05:36:45] NOTICE: Terminating ...
[29-Jun-2019 05:36:45] NOTICE: exiting, bye-bye!
[29-Jun-2019 05:36:52] NOTICE: fpm is running, pid 54
[29-Jun-2019 05:36:52] NOTICE: ready to handle connections
[27-Jul-2019 06:07:51] NOTICE: fpm is running, pid 55
[27-Jul-2019 06:07:52] NOTICE: ready to handle connections
